<?xml version="1.0" encoding="UTF-8"?>
<!-- Generated by org.testng.reporters.JUnitXMLReporter -->
<testsuite ignored="0" hostname="DESKTOP-7B4FRLF" failures="0" tests="1" name="Default test" time="0.032" errors="0" timestamp="2024-02-24T19:07:27 MYT">
  <testcase classname="base.BaseTest" name="@BeforeSuite serverStart" time="20.129">
    <failure type="io.appium.java_client.service.local.AppiumServerHasNotBeenStartedLocallyException" message="The local appium server has not been started
Reason: Timed out waiting for [http://127.0.0.1:4723/status] to be available after 20005 ms
Consider increasing the server startup timeout value (currently 20000ms)
Node.js executable path: C:\Program Files\nodejs\node.exe
Arguments: [C:\Users\Chan\AppData\Roaming\npm\node_modules\appium\build\lib\main.js, --port, 4723, --address, 127.0.0.1, --log, C:\Users\Chan\OneDrive\Desktop\Test Automation\Question 1\Maven_todoits_project\Appiumlog.txt, --allow-insecure, chromedriver_autodownload, --local-timezone, --use-plugins, gestures]
Output: Tried to attach logging to file &amp;apos;C:\Users\Chan\OneDrive\Desktop\Test Automation\Question 1\Maven_todoits_project\Appiumlog.txt&amp;apos; but an error occurred: EBUSY: resource busy or locked, unlink &amp;apos;C:\Users\Chan\OneDrive\Desktop\Test Automation\Question 1\Maven_todoits_project\Appiumlog.txt&amp;apos;
Fatal Error: Could not load the plugin &amp;apos;gestures&amp;apos; because it is not installed. You don&amp;apos;t have any plugins installed yet.
    at getActivePlugins (C:\Users\Chan\AppData\Roaming\npm\node_modules\appium\lib\extension\index.js:106:15)
    at main (C:\Users\Chan\AppData\Roaming\npm\node_modules\appium\lib\main.js:343:47)
">
      <![CDATA[io.appium.java_client.service.local.AppiumServerHasNotBeenStartedLocallyException: The local appium server has not been started
Reason: Timed out waiting for [http://127.0.0.1:4723/status] to be available after 20005 ms
Consider increasing the server startup timeout value (currently 20000ms)
Node.js executable path: C:\Program Files\nodejs\node.exe
Arguments: [C:\Users\Chan\AppData\Roaming\npm\node_modules\appium\build\lib\main.js, --port, 4723, --address, 127.0.0.1, --log, C:\Users\Chan\OneDrive\Desktop\Test Automation\Question 1\Maven_todoits_project\Appiumlog.txt, --allow-insecure, chromedriver_autodownload, --local-timezone, --use-plugins, gestures]
Output: Tried to attach logging to file 'C:\Users\Chan\OneDrive\Desktop\Test Automation\Question 1\Maven_todoits_project\Appiumlog.txt' but an error occurred: EBUSY: resource busy or locked, unlink 'C:\Users\Chan\OneDrive\Desktop\Test Automation\Question 1\Maven_todoits_project\Appiumlog.txt'
Fatal Error: Could not load the plugin 'gestures' because it is not installed. You don't have any plugins installed yet.
    at getActivePlugins (C:\Users\Chan\AppData\Roaming\npm\node_modules\appium\lib\extension\index.js:106:15)
    at main (C:\Users\Chan\AppData\Roaming\npm\node_modules\appium\lib\main.js:343:47)

at io.appium.java_client.service.local.AppiumDriverLocalService.start(AppiumDriverLocalService.java:201)
at base.AppiumServer.start(AppiumServer.java:46)
at base.BaseTest.serverStart(BaseTest.java:30)
at java.base/jdk.internal.reflect.DirectMethodHandleAccessor.invoke(DirectMethodHandleAccessor.java:103)
at java.base/java.lang.reflect.Method.invoke(Method.java:580)
at org.testng.internal.MethodInvocationHelper.invokeMethod(MethodInvocationHelper.java:133)
at org.testng.internal.MethodInvocationHelper.invokeMethodConsideringTimeout(MethodInvocationHelper.java:62)
at org.testng.internal.ConfigInvoker.invokeConfigurationMethod(ConfigInvoker.java:385)
at org.testng.internal.ConfigInvoker.invokeConfigurations(ConfigInvoker.java:321)
at org.testng.SuiteRunner.privateRun(SuiteRunner.java:317)
at org.testng.SuiteRunner.run(SuiteRunner.java:276)
at org.testng.SuiteRunnerWorker.runSuite(SuiteRunnerWorker.java:53)
at org.testng.SuiteRunnerWorker.run(SuiteRunnerWorker.java:96)
at org.testng.TestNG.runSuitesSequentially(TestNG.java:1212)
at org.testng.TestNG.runSuitesLocally(TestNG.java:1134)
at org.testng.TestNG.runSuites(TestNG.java:1063)
at org.testng.TestNG.run(TestNG.java:1031)
at org.testng.remote.AbstractRemoteTestNG.run(AbstractRemoteTestNG.java:115)
at org.testng.remote.RemoteTestNG.initAndRun(RemoteTestNG.java:251)
at org.testng.remote.RemoteTestNG.main(RemoteTestNG.java:77)
Caused by: org.openqa.selenium.net.UrlChecker$TimeoutException: Timed out waiting for [http://127.0.0.1:4723/status] to be available after 20005 ms
at org.openqa.selenium.net.UrlChecker.waitUntilAvailable(UrlChecker.java:94)
at io.appium.java_client.service.local.AppiumDriverLocalService.ping(AppiumDriverLocalService.java:157)
at io.appium.java_client.service.local.AppiumDriverLocalService.start(AppiumDriverLocalService.java:180)
... 19 more
Caused by: java.util.concurrent.TimeoutException
at java.base/java.util.concurrent.FutureTask.get(FutureTask.java:204)
at org.openqa.selenium.net.UrlChecker.waitUntilAvailable(UrlChecker.java:91)
... 21 more
]]>
    </failure>
  </testcase> <!-- @BeforeSuite serverStart -->
  <testcase classname="base.BaseTest" name="@BeforeMethod launchApp" time="-1.708772847036E9">
    <skipped/>
  </testcase> <!-- @BeforeMethod launchApp -->
  <testcase classname="base.BaseTest" name="@AfterMethod closeApp" time="-1.708772847041E9">
    <skipped/>
  </testcase> <!-- @AfterMethod closeApp -->
  <testcase classname="tests.android.LoginTest" name="launchAPPtest" time="0.0">
    <skipped/>
  </testcase> <!-- launchAPPtest -->
</testsuite> <!-- Default test -->
