<?xml version="1.0" encoding="UTF-8"?>
<testng-results ignored="0" total="3" passed="2" failed="1" skipped="0">
  <reporter-output>
  </reporter-output>
  <suite started-at="2024-02-28T21:48:47 MYT" name="Default suite" finished-at="2024-02-28T21:49:46 MYT" duration-ms="58686">
    <groups>
    </groups>
    <test started-at="2024-02-28T21:48:47 MYT" name="Default test" finished-at="2024-02-28T21:49:46 MYT" duration-ms="58686">
      <class name="tests.android.TodoitsMobileTest">
        <test-method is-config="true" signature="serverStart()[pri:0, instance:tests.android.TodoitsMobileTest@38c6f217]" started-at="2024-02-28T21:48:46 MYT" name="serverStart" finished-at="2024-02-28T21:48:47 MYT" duration-ms="1784" status="PASS">
          <reporter-output>
          </reporter-output>
        </test-method> <!-- serverStart -->
        <test-method is-config="true" signature="launchApp()[pri:0, instance:tests.android.TodoitsMobileTest@38c6f217]" started-at="2024-02-28T21:48:47 MYT" name="launchApp" finished-at="2024-02-28T21:48:56 MYT" duration-ms="8595" status="PASS">
          <reporter-output>
          </reporter-output>
        </test-method> <!-- launchApp -->
        <test-method is-config="true" signature="setup()[pri:0, instance:tests.android.TodoitsMobileTest@38c6f217]" started-at="2024-02-28T21:48:56 MYT" name="setup" finished-at="2024-02-28T21:48:57 MYT" duration-ms="809" status="PASS">
          <reporter-output>
          </reporter-output>
        </test-method> <!-- setup -->
        <test-method signature="createTestProject()[pri:1, instance:tests.android.TodoitsMobileTest@38c6f217]" started-at="2024-02-28T21:48:57 MYT" name="createTestProject" finished-at="2024-02-28T21:49:12 MYT" duration-ms="15085" status="PASS">
          <reporter-output>
          </reporter-output>
        </test-method> <!-- createTestProject -->
        <test-method is-config="true" signature="closeApp(org.testng.ITestResult)[pri:0, instance:tests.android.TodoitsMobileTest@38c6f217]" started-at="2024-02-28T21:49:12 MYT" name="closeApp" finished-at="2024-02-28T21:49:12 MYT" duration-ms="1" status="PASS">
          <params>
            <param index="0">
              <value>
                <![CDATA[[TestResult name=createTestProject status=SUCCESS method=TodoitsMobileTest.createTestProject()[pri:1, instance:tests.android.TodoitsMobileTest@38c6f217] output={null}]]]>
              </value>
            </param>
          </params>
          <reporter-output>
          </reporter-output>
        </test-method> <!-- closeApp -->
        <test-method signature="createTask()[pri:2, instance:tests.android.TodoitsMobileTest@38c6f217]" started-at="2024-02-28T21:49:12 MYT" name="createTask" finished-at="2024-02-28T21:49:25 MYT" duration-ms="12645" status="PASS">
          <reporter-output>
          </reporter-output>
        </test-method> <!-- createTask -->
        <test-method is-config="true" signature="closeApp(org.testng.ITestResult)[pri:0, instance:tests.android.TodoitsMobileTest@38c6f217]" started-at="2024-02-28T21:49:25 MYT" name="closeApp" finished-at="2024-02-28T21:49:25 MYT" duration-ms="0" status="PASS">
          <params>
            <param index="0">
              <value>
                <![CDATA[[TestResult name=createTask status=SUCCESS method=TodoitsMobileTest.createTask()[pri:2, instance:tests.android.TodoitsMobileTest@38c6f217] output={null}]]]>
              </value>
            </param>
          </params>
          <reporter-output>
          </reporter-output>
        </test-method> <!-- closeApp -->
        <test-method signature="ReopenTask()[pri:3, instance:tests.android.TodoitsMobileTest@38c6f217]" started-at="2024-02-28T21:49:25 MYT" name="ReopenTask" finished-at="2024-02-28T21:49:45 MYT" duration-ms="19978" status="FAIL">
          <exception class="org.openqa.selenium.NoSuchElementException">
            <message>
              <![CDATA[An element could not be located on the page using the given search parameters.
For documentation on this error, please visit: https://www.selenium.dev/documentation/webdriver/troubleshooting/errors#no-such-element-exception
Build info: version: '4.18.1', revision: 'b1d3319b48'
System info: os.name: 'Windows 11', os.arch: 'amd64', os.version: '10.0', java.version: '21.0.2'
Driver info: io.appium.java_client.android.AndroidDriver
Command: [39e13b4b-ce86-48ca-b66a-87c850b2a276, findElement {value=//android.widget.TextView[@resource-id="com.todoist:id/text"], using=xpath}]
Capabilities {appium:appActivity: com.todoist.activity.HomeAc..., appium:appPackage: com.todoist, appium:automationName: UIAutomator2, appium:databaseEnabled: false, appium:desired: {appActivity: com.todoist.activity.HomeAc..., appPackage: com.todoist, automationName: UIAutomator2, deviceName: sdk_gphone64_x86_64, platformName: ANDROID, platformVersion: 14.0}, appium:deviceApiLevel: 34, appium:deviceManufacturer: Google, appium:deviceModel: sdk_gphone64_x86_64, appium:deviceName: emulator-5554, appium:deviceScreenDensity: 420, appium:deviceScreenSize: 1080x2400, appium:deviceUDID: emulator-5554, appium:javascriptEnabled: true, appium:locationContextEnabled: false, appium:networkConnectionEnabled: true, appium:pixelRatio: 2.625, appium:platformVersion: 14, appium:statBarHeight: 63, appium:takesScreenshot: true, appium:viewportRect: {height: 2337, left: 0, top: 63, width: 1080}, appium:warnings: {}, appium:webStorageEnabled: false, platformName: ANDROID}
Session ID: 39e13b4b-ce86-48ca-b66a-87c850b2a276]]>
            </message>
            <full-stacktrace>
              <![CDATA[org.openqa.selenium.NoSuchElementException: An element could not be located on the page using the given search parameters.
For documentation on this error, please visit: https://www.selenium.dev/documentation/webdriver/troubleshooting/errors#no-such-element-exception
Build info: version: '4.18.1', revision: 'b1d3319b48'
System info: os.name: 'Windows 11', os.arch: 'amd64', os.version: '10.0', java.version: '21.0.2'
Driver info: io.appium.java_client.android.AndroidDriver
Command: [39e13b4b-ce86-48ca-b66a-87c850b2a276, findElement {value=//android.widget.TextView[@resource-id="com.todoist:id/text"], using=xpath}]
Capabilities {appium:appActivity: com.todoist.activity.HomeAc..., appium:appPackage: com.todoist, appium:automationName: UIAutomator2, appium:databaseEnabled: false, appium:desired: {appActivity: com.todoist.activity.HomeAc..., appPackage: com.todoist, automationName: UIAutomator2, deviceName: sdk_gphone64_x86_64, platformName: ANDROID, platformVersion: 14.0}, appium:deviceApiLevel: 34, appium:deviceManufacturer: Google, appium:deviceModel: sdk_gphone64_x86_64, appium:deviceName: emulator-5554, appium:deviceScreenDensity: 420, appium:deviceScreenSize: 1080x2400, appium:deviceUDID: emulator-5554, appium:javascriptEnabled: true, appium:locationContextEnabled: false, appium:networkConnectionEnabled: true, appium:pixelRatio: 2.625, appium:platformVersion: 14, appium:statBarHeight: 63, appium:takesScreenshot: true, appium:viewportRect: {height: 2337, left: 0, top: 63, width: 1080}, appium:warnings: {}, appium:webStorageEnabled: false, platformName: ANDROID}
Session ID: 39e13b4b-ce86-48ca-b66a-87c850b2a276
at java.base/jdk.internal.reflect.DirectConstructorHandleAccessor.newInstance(DirectConstructorHandleAccessor.java:62)
at java.base/java.lang.reflect.Constructor.newInstanceWithCaller(Constructor.java:502)
at java.base/java.lang.reflect.Constructor.newInstance(Constructor.java:486)
at org.openqa.selenium.remote.ErrorCodec.decode(ErrorCodec.java:167)
at org.openqa.selenium.remote.codec.w3c.W3CHttpResponseCodec.decode(W3CHttpResponseCodec.java:138)
at org.openqa.selenium.remote.codec.w3c.W3CHttpResponseCodec.decode(W3CHttpResponseCodec.java:50)
at org.openqa.selenium.remote.HttpCommandExecutor.execute(HttpCommandExecutor.java:190)
at io.appium.java_client.remote.AppiumCommandExecutor.execute(AppiumCommandExecutor.java:237)
at org.openqa.selenium.remote.RemoteWebDriver.execute(RemoteWebDriver.java:519)
at org.openqa.selenium.remote.ElementLocation$ElementFinder$2.findElement(ElementLocation.java:165)
at org.openqa.selenium.remote.ElementLocation.findElement(ElementLocation.java:59)
at org.openqa.selenium.remote.RemoteWebDriver.findElement(RemoteWebDriver.java:356)
at org.openqa.selenium.remote.RemoteWebDriver.findElement(RemoteWebDriver.java:350)
at pages.BasePage.getEl(BasePage.java:34)
at pages.BasePage.getText(BasePage.java:78)
at pages.ProjectPage.getTaskName(ProjectPage.java:81)
at tests.android.TodoitsMobileTest.ReopenTask(TodoitsMobileTest.java:90)
at java.base/jdk.internal.reflect.DirectMethodHandleAccessor.invoke(DirectMethodHandleAccessor.java:103)
at java.base/java.lang.reflect.Method.invoke(Method.java:580)
at org.testng.internal.MethodInvocationHelper.invokeMethod(MethodInvocationHelper.java:133)
at org.testng.internal.TestInvoker.invokeMethod(TestInvoker.java:598)
at org.testng.internal.TestInvoker.invokeTestMethod(TestInvoker.java:173)
at org.testng.internal.MethodRunner.runInSequence(MethodRunner.java:46)
at org.testng.internal.TestInvoker$MethodInvocationAgent.invoke(TestInvoker.java:824)
at org.testng.internal.TestInvoker.invokeTestMethods(TestInvoker.java:146)
at org.testng.internal.TestMethodWorker.invokeTestMethods(TestMethodWorker.java:146)
at org.testng.internal.TestMethodWorker.run(TestMethodWorker.java:128)
at java.base/java.util.ArrayList.forEach(ArrayList.java:1596)
at org.testng.TestRunner.privateRun(TestRunner.java:794)
at org.testng.TestRunner.run(TestRunner.java:596)
at org.testng.SuiteRunner.runTest(SuiteRunner.java:377)
at org.testng.SuiteRunner.runSequentially(SuiteRunner.java:371)
at org.testng.SuiteRunner.privateRun(SuiteRunner.java:332)
at org.testng.SuiteRunner.run(SuiteRunner.java:276)
at org.testng.SuiteRunnerWorker.runSuite(SuiteRunnerWorker.java:53)
at org.testng.SuiteRunnerWorker.run(SuiteRunnerWorker.java:96)
at org.testng.TestNG.runSuitesSequentially(TestNG.java:1212)
at org.testng.TestNG.runSuitesLocally(TestNG.java:1134)
at org.testng.TestNG.runSuites(TestNG.java:1063)
at org.testng.TestNG.run(TestNG.java:1031)
at org.testng.remote.AbstractRemoteTestNG.run(AbstractRemoteTestNG.java:115)
at org.testng.remote.RemoteTestNG.initAndRun(RemoteTestNG.java:251)
at org.testng.remote.RemoteTestNG.main(RemoteTestNG.java:77)
]]>
            </full-stacktrace>
          </exception> <!-- org.openqa.selenium.NoSuchElementException -->
          <reporter-output>
          </reporter-output>
        </test-method> <!-- ReopenTask -->
        <test-method is-config="true" signature="closeApp(org.testng.ITestResult)[pri:0, instance:tests.android.TodoitsMobileTest@38c6f217]" started-at="2024-02-28T21:49:45 MYT" name="closeApp" finished-at="2024-02-28T21:49:46 MYT" duration-ms="1534" status="PASS">
          <params>
            <param index="0">
              <value>
                <![CDATA[[TestResult name=ReopenTask status=FAILURE method=TodoitsMobileTest.ReopenTask()[pri:3, instance:tests.android.TodoitsMobileTest@38c6f217] output={null}]]]>
              </value>
            </param>
          </params>
          <reporter-output>
          </reporter-output>
        </test-method> <!-- closeApp -->
        <test-method is-config="true" signature="serverStop()[pri:0, instance:tests.android.TodoitsMobileTest@38c6f217]" started-at="2024-02-28T21:49:46 MYT" name="serverStop" finished-at="2024-02-28T21:49:46 MYT" duration-ms="4" status="PASS">
          <reporter-output>
          </reporter-output>
        </test-method> <!-- serverStop -->
      </class> <!-- tests.android.TodoitsMobileTest -->
    </test> <!-- Default test -->
  </suite> <!-- Default suite -->
</testng-results>
